Determining if the pthread_create exist failed with the following output:
Change Dir: /home/cwj/my_project/ROS/demo02_ws/build/CMakeFiles/CMakeTmp

Run Build Command:"/usr/bin/make" "cmTC_24b2c/fast"
/usr/bin/make -f CMakeFiles/cmTC_24b2c.dir/build.make CMakeFiles/cmTC_24b2c.dir/build
make[1]: 进入目录“/home/cwj/my_project/ROS/demo02_ws/build/CMakeFiles/CMakeTmp”
Building C object CMakeFiles/cmTC_24b2c.dir/CheckSymbolExists.c.o
/usr/bin/cc    -o CMakeFiles/cmTC_24b2c.dir/CheckSymbolExists.c.o   -c /home/cwj/my_project/ROS/demo02_ws/build/CMakeFiles/CMakeTmp/CheckSymbolExists.c
Linking C executable cmTC_24b2c
/usr/bin/cmake -E cmake_link_script CMakeFiles/cmTC_24b2c.dir/link.txt --verbose=1
/usr/bin/cc      -rdynamic CMakeFiles/cmTC_24b2c.dir/CheckSymbolExists.c.o  -o cmTC_24b2c 
CMakeFiles/cmTC_24b2c.dir/CheckSymbolExists.c.o：在函数‘main’中：
CheckSymbolExists.c:(.text+0x1b)：对‘pthread_create’未定义的引用
collect2: error: ld returned 1 exit status
CMakeFiles/cmTC_24b2c.dir/build.make:97: recipe for target 'cmTC_24b2c' failed
make[1]: *** [cmTC_24b2c] Error 1
make[1]: 离开目录“/home/cwj/my_project/ROS/demo02_ws/build/CMakeFiles/CMakeTmp”
Makefile:126: recipe for target 'cmTC_24b2c/fast' failed
make: *** [cmTC_24b2c/fast] Error 2

File /home/cwj/my_project/ROS/demo02_ws/build/CMakeFiles/CMakeTmp/CheckSymbolExists.c:
/* */
#include <pthread.h>

int main(int argc, char** argv)
{
  (void)argv;
#ifndef pthread_create
  return ((int*)(&pthread_create))[argc];
#else
  (void)argc;
  return 0;
#endif
}

Determining if the function pthread_create exists in the pthreads failed with the following output:
Change Dir: /home/cwj/my_project/ROS/demo02_ws/build/CMakeFiles/CMakeTmp

Run Build Command:"/usr/bin/make" "cmTC_19cbd/fast"
/usr/bin/make -f CMakeFiles/cmTC_19cbd.dir/build.make CMakeFiles/cmTC_19cbd.dir/build
make[1]: 进入目录“/home/cwj/my_project/ROS/demo02_ws/build/CMakeFiles/CMakeTmp”
Building C object CMakeFiles/cmTC_19cbd.dir/CheckFunctionExists.c.o
/usr/bin/cc   -DCHECK_FUNCTION_EXISTS=pthread_create   -o CMakeFiles/cmTC_19cbd.dir/CheckFunctionExists.c.o   -c /usr/share/cmake-3.10/Modules/CheckFunctionExists.c
Linking C executable cmTC_19cbd
/usr/bin/cmake -E cmake_link_script CMakeFiles/cmTC_19cbd.dir/link.txt --verbose=1
/usr/bin/cc  -DCHECK_FUNCTION_EXISTS=pthread_create    -rdynamic CMakeFiles/cmTC_19cbd.dir/CheckFunctionExists.c.o  -o cmTC_19cbd -lpthreads 
/usr/bin/ld: 找不到 -lpthreads
collect2: error: ld returned 1 exit status
CMakeFiles/cmTC_19cbd.dir/build.make:97: recipe for target 'cmTC_19cbd' failed
make[1]: *** [cmTC_19cbd] Error 1
make[1]: 离开目录“/home/cwj/my_project/ROS/demo02_ws/build/CMakeFiles/CMakeTmp”
Makefile:126: recipe for target 'cmTC_19cbd/fast' failed
make: *** [cmTC_19cbd/fast] Error 2


